[2022-03-31 16:38:43,397] multiqc                                            [DEBUG  ]  No MultiQC config found: /share/pkg.7/multiqc/1.10.1/install/lib/python3.7/site-packages/multiqc_config.yaml
[2022-03-31 16:38:43,397] multiqc                                            [DEBUG  ]  No MultiQC config found: /usr4/bf528/hmqure/.multiqc_config.yaml
[2022-03-31 16:38:43,397] multiqc                                            [DEBUG  ]  No MultiQC config found: multiqc_config.yaml
[2022-03-31 16:38:43,397] multiqc                                            [DEBUG  ]  Command used: /share/pkg.7/multiqc/1.10.1/install/bin/multiqc /projectnb2/bf528/users/vangogh2022/proj3_programmer/filecounts
[2022-03-31 16:38:43,901] multiqc                                            [WARNING]  MultiQC Version v1.12 now available!
[2022-03-31 16:38:43,901] multiqc                                            [INFO   ]  This is MultiQC v1.10.1
[2022-03-31 16:38:43,901] multiqc                                            [DEBUG  ]  Command     : /share/pkg.7/multiqc/1.10.1/install/bin/multiqc /projectnb2/bf528/users/vangogh2022/proj3_programmer/filecounts
[2022-03-31 16:38:43,901] multiqc                                            [DEBUG  ]  Working dir : /projectnb2/bf528/users/vangogh2022/proj3_programmer
[2022-03-31 16:38:43,901] multiqc                                            [INFO   ]  Template    : default
[2022-03-31 16:38:43,901] multiqc                                            [DEBUG  ]  Running Python 3.7.9 (default, Oct 26 2020, 11:27:26)  [GCC 4.8.5 20150623 (Red Hat 4.8.5-39)]
[2022-03-31 16:38:43,901] multiqc                                            [INFO   ]  Searching   : /projectnb2/bf528/users/vangogh2022/proj3_programmer/filecounts
[2022-03-31 16:38:43,902] multiqc                                            [DEBUG  ]  Analysing modules: custom_content, ngsderive, purple, conpair, peddy, somalier, methylQA, mosdepth, phantompeakqualtools, qualimap, preseq, quast, qorts, rna_seqc, rockhopper, rsem, rseqc, busco, goleft_indexcov, disambiguate, supernova, deeptools, sargasso, verifybamid, mirtrace, happy, mirtop, homer, hops, macs2, theta2, snpeff, gatk, htseq, bcftools, featureCounts, fgbio, dragen, dedup, damageprofiler, biobambam2, jcvi, mtnucratio, picard, sentieon, prokka, qc3C, samblaster, samtools, sexdeterrmine, eigenstratdatabasetools, bamtools, jellyfish, vcftools, longranger, stacks, varscan2, bbmap, bismark, biscuit, hicexplorer, hicup, hicpro, salmon, kallisto, slamdunk, star, hisat2, tophat, bowtie2, bowtie1, snpsplit, kat, leehom, adapterRemoval, clipandmerge, cutadapt, flexbar, kaiju, kraken, malt, trimmomatic, sickle, skewer, sortmerna, biobloomtools, fastq_screen, afterqc, fastp, fastqc, pychopper, pycoqc, minionqc, multivcfanalyzer, clusterflow, bcl2fastq, interop, ivar, flash, seqyclean, optitype
[2022-03-31 16:38:43,902] multiqc                                            [DEBUG  ]  Using temporary directory for creating report: /scratch/tmpicmj6vqv
[2022-03-31 16:38:44,129] multiqc                                            [DEBUG  ]  File ignored by hicexplorer because it exceeded search pattern filesize limit: SRR1178002_Aligned.sortedByCoord.out.bam.txt
[2022-03-31 16:38:44,133] multiqc                                            [DEBUG  ]  File ignored by longranger/invocation because it exceeded search pattern filesize limit: SRR1178002_Aligned.sortedByCoord.out.bam.txt
[2022-03-31 16:38:44,133] multiqc                                            [DEBUG  ]  File ignored by rockhopper because it exceeded search pattern filesize limit: SRR1178002_Aligned.sortedByCoord.out.bam.txt
[2022-03-31 16:38:44,133] multiqc                                            [DEBUG  ]  File ignored by rseqc/bam_stat because it exceeded search pattern filesize limit: SRR1178002_Aligned.sortedByCoord.out.bam.txt
[2022-03-31 16:38:44,133] multiqc                                            [DEBUG  ]  File ignored by rseqc/junction_annotation because it exceeded search pattern filesize limit: SRR1178002_Aligned.sortedByCoord.out.bam.txt
[2022-03-31 16:38:44,134] multiqc                                            [DEBUG  ]  File ignored by rseqc/read_distribution because it exceeded search pattern filesize limit: SRR1178002_Aligned.sortedByCoord.out.bam.txt
[2022-03-31 16:38:44,134] multiqc                                            [DEBUG  ]  File ignored by rseqc/infer_experiment because it exceeded search pattern filesize limit: SRR1178002_Aligned.sortedByCoord.out.bam.txt
[2022-03-31 16:38:44,148] multiqc                                            [DEBUG  ]  File ignored by stacks/sumstats because it exceeded search pattern filesize limit: SRR1178002_Aligned.sortedByCoord.out.bam.txt
[2022-03-31 16:38:44,852] multiqc                                            [DEBUG  ]  File ignored by hicexplorer because it exceeded search pattern filesize limit: SRR1177989_Aligned.sortedByCoord.out.bam.txt
[2022-03-31 16:38:44,856] multiqc                                            [DEBUG  ]  File ignored by longranger/invocation because it exceeded search pattern filesize limit: SRR1177989_Aligned.sortedByCoord.out.bam.txt
[2022-03-31 16:38:44,856] multiqc                                            [DEBUG  ]  File ignored by rockhopper because it exceeded search pattern filesize limit: SRR1177989_Aligned.sortedByCoord.out.bam.txt
[2022-03-31 16:38:44,856] multiqc                                            [DEBUG  ]  File ignored by rseqc/bam_stat because it exceeded search pattern filesize limit: SRR1177989_Aligned.sortedByCoord.out.bam.txt
[2022-03-31 16:38:44,856] multiqc                                            [DEBUG  ]  File ignored by rseqc/junction_annotation because it exceeded search pattern filesize limit: SRR1177989_Aligned.sortedByCoord.out.bam.txt
[2022-03-31 16:38:44,856] multiqc                                            [DEBUG  ]  File ignored by rseqc/read_distribution because it exceeded search pattern filesize limit: SRR1177989_Aligned.sortedByCoord.out.bam.txt
[2022-03-31 16:38:44,856] multiqc                                            [DEBUG  ]  File ignored by rseqc/infer_experiment because it exceeded search pattern filesize limit: SRR1177989_Aligned.sortedByCoord.out.bam.txt
[2022-03-31 16:38:44,870] multiqc                                            [DEBUG  ]  File ignored by stacks/sumstats because it exceeded search pattern filesize limit: SRR1177989_Aligned.sortedByCoord.out.bam.txt
[2022-03-31 16:38:45,538] multiqc                                            [DEBUG  ]  File ignored by hicexplorer because it exceeded search pattern filesize limit: SRR1177997_Aligned.sortedByCoord.out.bam.txt
[2022-03-31 16:38:45,543] multiqc                                            [DEBUG  ]  File ignored by longranger/invocation because it exceeded search pattern filesize limit: SRR1177997_Aligned.sortedByCoord.out.bam.txt
[2022-03-31 16:38:45,543] multiqc                                            [DEBUG  ]  File ignored by rockhopper because it exceeded search pattern filesize limit: SRR1177997_Aligned.sortedByCoord.out.bam.txt
[2022-03-31 16:38:45,543] multiqc                                            [DEBUG  ]  File ignored by rseqc/bam_stat because it exceeded search pattern filesize limit: SRR1177997_Aligned.sortedByCoord.out.bam.txt
[2022-03-31 16:38:45,543] multiqc                                            [DEBUG  ]  File ignored by rseqc/junction_annotation because it exceeded search pattern filesize limit: SRR1177997_Aligned.sortedByCoord.out.bam.txt
[2022-03-31 16:38:45,543] multiqc                                            [DEBUG  ]  File ignored by rseqc/read_distribution because it exceeded search pattern filesize limit: SRR1177997_Aligned.sortedByCoord.out.bam.txt
[2022-03-31 16:38:45,543] multiqc                                            [DEBUG  ]  File ignored by rseqc/infer_experiment because it exceeded search pattern filesize limit: SRR1177997_Aligned.sortedByCoord.out.bam.txt
[2022-03-31 16:38:45,560] multiqc                                            [DEBUG  ]  File ignored by stacks/sumstats because it exceeded search pattern filesize limit: SRR1177997_Aligned.sortedByCoord.out.bam.txt
[2022-03-31 16:38:46,250] multiqc                                            [DEBUG  ]  File ignored by hicexplorer because it exceeded search pattern filesize limit: SRR1178020_Aligned.sortedByCoord.out.bam.txt
[2022-03-31 16:38:46,255] multiqc                                            [DEBUG  ]  File ignored by longranger/invocation because it exceeded search pattern filesize limit: SRR1178020_Aligned.sortedByCoord.out.bam.txt
[2022-03-31 16:38:46,255] multiqc                                            [DEBUG  ]  File ignored by rockhopper because it exceeded search pattern filesize limit: SRR1178020_Aligned.sortedByCoord.out.bam.txt
[2022-03-31 16:38:46,255] multiqc                                            [DEBUG  ]  File ignored by rseqc/bam_stat because it exceeded search pattern filesize limit: SRR1178020_Aligned.sortedByCoord.out.bam.txt
[2022-03-31 16:38:46,255] multiqc                                            [DEBUG  ]  File ignored by rseqc/junction_annotation because it exceeded search pattern filesize limit: SRR1178020_Aligned.sortedByCoord.out.bam.txt
[2022-03-31 16:38:46,255] multiqc                                            [DEBUG  ]  File ignored by rseqc/read_distribution because it exceeded search pattern filesize limit: SRR1178020_Aligned.sortedByCoord.out.bam.txt
[2022-03-31 16:38:46,255] multiqc                                            [DEBUG  ]  File ignored by rseqc/infer_experiment because it exceeded search pattern filesize limit: SRR1178020_Aligned.sortedByCoord.out.bam.txt
[2022-03-31 16:38:46,269] multiqc                                            [DEBUG  ]  File ignored by stacks/sumstats because it exceeded search pattern filesize limit: SRR1178020_Aligned.sortedByCoord.out.bam.txt
[2022-03-31 16:38:46,938] multiqc                                            [DEBUG  ]  File ignored by hicexplorer because it exceeded search pattern filesize limit: SRR1177988_Aligned.sortedByCoord.out.bam.txt
[2022-03-31 16:38:46,943] multiqc                                            [DEBUG  ]  File ignored by longranger/invocation because it exceeded search pattern filesize limit: SRR1177988_Aligned.sortedByCoord.out.bam.txt
[2022-03-31 16:38:46,943] multiqc                                            [DEBUG  ]  File ignored by rockhopper because it exceeded search pattern filesize limit: SRR1177988_Aligned.sortedByCoord.out.bam.txt
[2022-03-31 16:38:46,943] multiqc                                            [DEBUG  ]  File ignored by rseqc/bam_stat because it exceeded search pattern filesize limit: SRR1177988_Aligned.sortedByCoord.out.bam.txt
[2022-03-31 16:38:46,943] multiqc                                            [DEBUG  ]  File ignored by rseqc/junction_annotation because it exceeded search pattern filesize limit: SRR1177988_Aligned.sortedByCoord.out.bam.txt
[2022-03-31 16:38:46,943] multiqc                                            [DEBUG  ]  File ignored by rseqc/read_distribution because it exceeded search pattern filesize limit: SRR1177988_Aligned.sortedByCoord.out.bam.txt
[2022-03-31 16:38:46,943] multiqc                                            [DEBUG  ]  File ignored by rseqc/infer_experiment because it exceeded search pattern filesize limit: SRR1177988_Aligned.sortedByCoord.out.bam.txt
[2022-03-31 16:38:46,957] multiqc                                            [DEBUG  ]  File ignored by stacks/sumstats because it exceeded search pattern filesize limit: SRR1177988_Aligned.sortedByCoord.out.bam.txt
[2022-03-31 16:38:47,651] multiqc                                            [DEBUG  ]  File ignored by hicexplorer because it exceeded search pattern filesize limit: SRR1178036_Aligned.sortedByCoord.out.bam.txt
[2022-03-31 16:38:47,656] multiqc                                            [DEBUG  ]  File ignored by longranger/invocation because it exceeded search pattern filesize limit: SRR1178036_Aligned.sortedByCoord.out.bam.txt
[2022-03-31 16:38:47,656] multiqc                                            [DEBUG  ]  File ignored by rockhopper because it exceeded search pattern filesize limit: SRR1178036_Aligned.sortedByCoord.out.bam.txt
[2022-03-31 16:38:47,656] multiqc                                            [DEBUG  ]  File ignored by rseqc/bam_stat because it exceeded search pattern filesize limit: SRR1178036_Aligned.sortedByCoord.out.bam.txt
[2022-03-31 16:38:47,656] multiqc                                            [DEBUG  ]  File ignored by rseqc/junction_annotation because it exceeded search pattern filesize limit: SRR1178036_Aligned.sortedByCoord.out.bam.txt
[2022-03-31 16:38:47,656] multiqc                                            [DEBUG  ]  File ignored by rseqc/read_distribution because it exceeded search pattern filesize limit: SRR1178036_Aligned.sortedByCoord.out.bam.txt
[2022-03-31 16:38:47,656] multiqc                                            [DEBUG  ]  File ignored by rseqc/infer_experiment because it exceeded search pattern filesize limit: SRR1178036_Aligned.sortedByCoord.out.bam.txt
[2022-03-31 16:38:47,669] multiqc                                            [DEBUG  ]  File ignored by stacks/sumstats because it exceeded search pattern filesize limit: SRR1178036_Aligned.sortedByCoord.out.bam.txt
[2022-03-31 16:38:48,387] multiqc                                            [DEBUG  ]  File ignored by hicexplorer because it exceeded search pattern filesize limit: SRR1177987_Aligned.sortedByCoord.out.bam.txt
[2022-03-31 16:38:48,392] multiqc                                            [DEBUG  ]  File ignored by longranger/invocation because it exceeded search pattern filesize limit: SRR1177987_Aligned.sortedByCoord.out.bam.txt
[2022-03-31 16:38:48,392] multiqc                                            [DEBUG  ]  File ignored by rockhopper because it exceeded search pattern filesize limit: SRR1177987_Aligned.sortedByCoord.out.bam.txt
[2022-03-31 16:38:48,392] multiqc                                            [DEBUG  ]  File ignored by rseqc/bam_stat because it exceeded search pattern filesize limit: SRR1177987_Aligned.sortedByCoord.out.bam.txt
[2022-03-31 16:38:48,392] multiqc                                            [DEBUG  ]  File ignored by rseqc/junction_annotation because it exceeded search pattern filesize limit: SRR1177987_Aligned.sortedByCoord.out.bam.txt
[2022-03-31 16:38:48,392] multiqc                                            [DEBUG  ]  File ignored by rseqc/read_distribution because it exceeded search pattern filesize limit: SRR1177987_Aligned.sortedByCoord.out.bam.txt
[2022-03-31 16:38:48,392] multiqc                                            [DEBUG  ]  File ignored by rseqc/infer_experiment because it exceeded search pattern filesize limit: SRR1177987_Aligned.sortedByCoord.out.bam.txt
[2022-03-31 16:38:48,408] multiqc                                            [DEBUG  ]  File ignored by stacks/sumstats because it exceeded search pattern filesize limit: SRR1177987_Aligned.sortedByCoord.out.bam.txt
[2022-03-31 16:38:49,104] multiqc                                            [DEBUG  ]  File ignored by hicexplorer because it exceeded search pattern filesize limit: SRR1178046_Aligned.sortedByCoord.out.bam.txt
[2022-03-31 16:38:49,109] multiqc                                            [DEBUG  ]  File ignored by longranger/invocation because it exceeded search pattern filesize limit: SRR1178046_Aligned.sortedByCoord.out.bam.txt
[2022-03-31 16:38:49,109] multiqc                                            [DEBUG  ]  File ignored by rockhopper because it exceeded search pattern filesize limit: SRR1178046_Aligned.sortedByCoord.out.bam.txt
[2022-03-31 16:38:49,109] multiqc                                            [DEBUG  ]  File ignored by rseqc/bam_stat because it exceeded search pattern filesize limit: SRR1178046_Aligned.sortedByCoord.out.bam.txt
[2022-03-31 16:38:49,109] multiqc                                            [DEBUG  ]  File ignored by rseqc/junction_annotation because it exceeded search pattern filesize limit: SRR1178046_Aligned.sortedByCoord.out.bam.txt
[2022-03-31 16:38:49,109] multiqc                                            [DEBUG  ]  File ignored by rseqc/read_distribution because it exceeded search pattern filesize limit: SRR1178046_Aligned.sortedByCoord.out.bam.txt
[2022-03-31 16:38:49,109] multiqc                                            [DEBUG  ]  File ignored by rseqc/infer_experiment because it exceeded search pattern filesize limit: SRR1178046_Aligned.sortedByCoord.out.bam.txt
[2022-03-31 16:38:49,123] multiqc                                            [DEBUG  ]  File ignored by stacks/sumstats because it exceeded search pattern filesize limit: SRR1178046_Aligned.sortedByCoord.out.bam.txt
[2022-03-31 16:38:49,815] multiqc                                            [DEBUG  ]  File ignored by hicexplorer because it exceeded search pattern filesize limit: SRR1177999_Aligned.sortedByCoord.out.bam.txt
[2022-03-31 16:38:49,820] multiqc                                            [DEBUG  ]  File ignored by longranger/invocation because it exceeded search pattern filesize limit: SRR1177999_Aligned.sortedByCoord.out.bam.txt
[2022-03-31 16:38:49,820] multiqc                                            [DEBUG  ]  File ignored by rockhopper because it exceeded search pattern filesize limit: SRR1177999_Aligned.sortedByCoord.out.bam.txt
[2022-03-31 16:38:49,820] multiqc                                            [DEBUG  ]  File ignored by rseqc/bam_stat because it exceeded search pattern filesize limit: SRR1177999_Aligned.sortedByCoord.out.bam.txt
[2022-03-31 16:38:49,820] multiqc                                            [DEBUG  ]  File ignored by rseqc/junction_annotation because it exceeded search pattern filesize limit: SRR1177999_Aligned.sortedByCoord.out.bam.txt
[2022-03-31 16:38:49,820] multiqc                                            [DEBUG  ]  File ignored by rseqc/read_distribution because it exceeded search pattern filesize limit: SRR1177999_Aligned.sortedByCoord.out.bam.txt
[2022-03-31 16:38:49,820] multiqc                                            [DEBUG  ]  File ignored by rseqc/infer_experiment because it exceeded search pattern filesize limit: SRR1177999_Aligned.sortedByCoord.out.bam.txt
[2022-03-31 16:38:49,836] multiqc                                            [DEBUG  ]  File ignored by stacks/sumstats because it exceeded search pattern filesize limit: SRR1177999_Aligned.sortedByCoord.out.bam.txt
[2022-03-31 16:38:51,210] multiqc.plots.bargraph                             [DEBUG  ]  Using matplotlib version 3.3.2
[2022-03-31 16:38:51,212] multiqc.plots.linegraph                            [DEBUG  ]  Using matplotlib version 3.3.2
[2022-03-31 16:38:51,215] multiqc                                            [DEBUG  ]  No samples found: custom_content
[2022-03-31 16:38:51,225] multiqc                                            [DEBUG  ]  No samples found: ngsderive
[2022-03-31 16:38:51,235] multiqc                                            [DEBUG  ]  No samples found: purple
[2022-03-31 16:38:51,245] multiqc                                            [DEBUG  ]  No samples found: conpair
[2022-03-31 16:38:51,255] multiqc                                            [DEBUG  ]  No samples found: peddy
[2022-03-31 16:38:51,265] multiqc                                            [DEBUG  ]  No samples found: somalier
[2022-03-31 16:38:51,275] multiqc                                            [DEBUG  ]  No samples found: methylQA
[2022-03-31 16:38:51,292] multiqc                                            [DEBUG  ]  No samples found: mosdepth
[2022-03-31 16:38:51,301] multiqc                                            [DEBUG  ]  No samples found: phantompeakqualtools
[2022-03-31 16:38:51,307] multiqc                                            [DEBUG  ]  No samples found: qualimap
[2022-03-31 16:38:51,315] multiqc                                            [DEBUG  ]  No samples found: preseq
[2022-03-31 16:38:51,324] multiqc                                            [DEBUG  ]  No samples found: quast
[2022-03-31 16:38:51,334] multiqc                                            [DEBUG  ]  No samples found: qorts
[2022-03-31 16:38:51,342] multiqc                                            [DEBUG  ]  No samples found: rna_seqc
[2022-03-31 16:38:51,352] multiqc                                            [DEBUG  ]  No samples found: rockhopper
[2022-03-31 16:38:51,361] multiqc                                            [DEBUG  ]  No samples found: rsem
[2022-03-31 16:38:51,384] multiqc                                            [DEBUG  ]  No samples found: rseqc
[2022-03-31 16:38:51,394] multiqc                                            [DEBUG  ]  No samples found: busco
[2022-03-31 16:38:51,402] multiqc                                            [DEBUG  ]  No samples found: goleft_indexcov
[2022-03-31 16:38:51,411] multiqc                                            [DEBUG  ]  No samples found: disambiguate
[2022-03-31 16:38:51,420] multiqc                                            [DEBUG  ]  No samples found: supernova
[2022-03-31 16:38:51,442] multiqc                                            [DEBUG  ]  No samples found: deeptools
[2022-03-31 16:38:51,463] multiqc                                            [DEBUG  ]  No samples found: sargasso
[2022-03-31 16:38:51,472] multiqc                                            [DEBUG  ]  No samples found: verifybamid
[2022-03-31 16:38:51,481] multiqc                                            [DEBUG  ]  No samples found: mirtrace
[2022-03-31 16:38:51,489] multiqc                                            [DEBUG  ]  No samples found: happy
[2022-03-31 16:38:51,498] multiqc                                            [DEBUG  ]  No samples found: mirtop
[2022-03-31 16:38:51,509] multiqc                                            [DEBUG  ]  No samples found: homer
[2022-03-31 16:38:51,517] multiqc                                            [DEBUG  ]  No samples found: hops
[2022-03-31 16:38:51,526] multiqc                                            [DEBUG  ]  No samples found: macs2
[2022-03-31 16:38:51,534] multiqc                                            [DEBUG  ]  No samples found: theta2
[2022-03-31 16:38:51,542] multiqc                                            [DEBUG  ]  No samples found: snpeff
[2022-03-31 16:38:51,553] multiqc                                            [DEBUG  ]  No samples found: gatk
[2022-03-31 16:38:51,562] multiqc                                            [DEBUG  ]  No samples found: htseq
[2022-03-31 16:38:51,572] multiqc                                            [DEBUG  ]  No samples found: bcftools
[2022-03-31 16:38:51,585] multiqc.modules.featureCounts.feature_counts       [INFO   ]  Found 9 reports
[2022-03-31 16:38:51,604] multiqc                                            [DEBUG  ]  No samples found: fgbio
[2022-03-31 16:38:51,625] multiqc                                            [DEBUG  ]  No samples found: dragen
[2022-03-31 16:38:51,633] multiqc                                            [DEBUG  ]  No samples found: dedup
[2022-03-31 16:38:51,641] multiqc                                            [DEBUG  ]  No samples found: damageprofiler
[2022-03-31 16:38:51,683] multiqc                                            [DEBUG  ]  No samples found: biobambam2
[2022-03-31 16:38:51,692] multiqc                                            [DEBUG  ]  No samples found: jcvi
[2022-03-31 16:38:51,700] multiqc                                            [DEBUG  ]  No samples found: mtnucratio
[2022-03-31 16:38:51,705] multiqc                                            [DEBUG  ]  No samples found: picard
[2022-03-31 16:38:51,721] multiqc                                            [DEBUG  ]  No samples found: sentieon
[2022-03-31 16:38:51,732] multiqc                                            [DEBUG  ]  No samples found: prokka
[2022-03-31 16:38:51,741] multiqc                                            [DEBUG  ]  No samples found: qc3C
[2022-03-31 16:38:51,750] multiqc                                            [DEBUG  ]  No samples found: samblaster
[2022-03-31 16:38:51,765] multiqc                                            [DEBUG  ]  No samples found: samtools
[2022-03-31 16:38:51,774] multiqc                                            [DEBUG  ]  No samples found: sexdeterrmine
[2022-03-31 16:38:51,783] multiqc                                            [DEBUG  ]  No samples found: eigenstratdatabasetools
[2022-03-31 16:38:51,792] multiqc                                            [DEBUG  ]  No samples found: bamtools
[2022-03-31 16:38:51,801] multiqc                                            [DEBUG  ]  No samples found: jellyfish
[2022-03-31 16:38:51,816] multiqc                                            [DEBUG  ]  No samples found: vcftools
[2022-03-31 16:38:51,824] multiqc                                            [DEBUG  ]  No samples found: longranger
[2022-03-31 16:38:51,833] multiqc                                            [DEBUG  ]  No samples found: stacks
[2022-03-31 16:38:51,842] multiqc                                            [DEBUG  ]  No samples found: varscan2
[2022-03-31 16:38:51,868] multiqc                                            [DEBUG  ]  No samples found: bbmap
[2022-03-31 16:38:51,876] multiqc                                            [DEBUG  ]  No samples found: bismark
[2022-03-31 16:38:51,884] multiqc                                            [DEBUG  ]  No samples found: biscuit
[2022-03-31 16:38:51,893] multiqc                                            [DEBUG  ]  No samples found: hicexplorer
[2022-03-31 16:38:51,902] multiqc                                            [DEBUG  ]  No samples found: hicup
[2022-03-31 16:38:51,911] multiqc                                            [DEBUG  ]  No samples found: hicpro
[2022-03-31 16:38:51,918] multiqc                                            [DEBUG  ]  No samples found: salmon
[2022-03-31 16:38:51,927] multiqc                                            [DEBUG  ]  No samples found: kallisto
[2022-03-31 16:38:51,936] multiqc                                            [DEBUG  ]  No samples found: slamdunk
[2022-03-31 16:38:51,945] multiqc                                            [DEBUG  ]  No samples found: star
[2022-03-31 16:38:51,954] multiqc                                            [DEBUG  ]  No samples found: hisat2
[2022-03-31 16:38:51,962] multiqc                                            [DEBUG  ]  No samples found: tophat
[2022-03-31 16:38:51,971] multiqc                                            [DEBUG  ]  No samples found: bowtie2
[2022-03-31 16:38:51,979] multiqc                                            [DEBUG  ]  No samples found: bowtie1
[2022-03-31 16:38:51,986] multiqc                                            [DEBUG  ]  No samples found: snpsplit
[2022-03-31 16:38:51,995] multiqc                                            [DEBUG  ]  No samples found: kat
[2022-03-31 16:38:52,004] multiqc                                            [DEBUG  ]  No samples found: leehom
[2022-03-31 16:38:52,013] multiqc                                            [DEBUG  ]  No samples found: adapterRemoval
[2022-03-31 16:38:52,021] multiqc                                            [DEBUG  ]  No samples found: clipandmerge
[2022-03-31 16:38:52,029] multiqc                                            [DEBUG  ]  No samples found: cutadapt
[2022-03-31 16:38:52,038] multiqc                                            [DEBUG  ]  No samples found: flexbar
[2022-03-31 16:38:52,046] multiqc                                            [DEBUG  ]  No samples found: kaiju
[2022-03-31 16:38:52,055] multiqc                                            [DEBUG  ]  No samples found: kraken
[2022-03-31 16:38:52,063] multiqc                                            [DEBUG  ]  No samples found: malt
[2022-03-31 16:38:52,072] multiqc                                            [DEBUG  ]  No samples found: trimmomatic
[2022-03-31 16:38:52,081] multiqc                                            [DEBUG  ]  No samples found: sickle
[2022-03-31 16:38:52,089] multiqc                                            [DEBUG  ]  No samples found: skewer
[2022-03-31 16:38:52,098] multiqc                                            [DEBUG  ]  No samples found: sortmerna
[2022-03-31 16:38:52,106] multiqc                                            [DEBUG  ]  No samples found: biobloomtools
[2022-03-31 16:38:52,115] multiqc                                            [DEBUG  ]  No samples found: fastq_screen
[2022-03-31 16:38:52,124] multiqc                                            [DEBUG  ]  No samples found: afterqc
[2022-03-31 16:38:52,133] multiqc                                            [DEBUG  ]  No samples found: fastp
[2022-03-31 16:38:52,142] multiqc                                            [DEBUG  ]  No samples found: fastqc
[2022-03-31 16:38:52,151] multiqc                                            [DEBUG  ]  No samples found: pychopper
[2022-03-31 16:38:52,160] multiqc                                            [DEBUG  ]  No samples found: pycoqc
[2022-03-31 16:38:52,168] multiqc                                            [DEBUG  ]  No samples found: minionqc
[2022-03-31 16:38:52,177] multiqc                                            [DEBUG  ]  No samples found: multivcfanalyzer
[2022-03-31 16:38:52,185] multiqc                                            [DEBUG  ]  No samples found: clusterflow
[2022-03-31 16:38:52,194] multiqc                                            [DEBUG  ]  No samples found: bcl2fastq
[2022-03-31 16:38:52,202] multiqc                                            [DEBUG  ]  No samples found: interop
[2022-03-31 16:38:52,212] multiqc                                            [DEBUG  ]  No samples found: ivar
[2022-03-31 16:38:52,221] multiqc                                            [DEBUG  ]  No samples found: flash
[2022-03-31 16:38:52,230] multiqc                                            [DEBUG  ]  No samples found: seqyclean
[2022-03-31 16:38:52,238] multiqc                                            [DEBUG  ]  No samples found: optitype
[2022-03-31 16:38:52,247] multiqc                                            [INFO   ]  Compressing plot data
[2022-03-31 16:38:52,251] multiqc                                            [INFO   ]  Report      : multiqc_report.html
[2022-03-31 16:38:52,251] multiqc                                            [INFO   ]  Data        : multiqc_data
[2022-03-31 16:38:52,251] multiqc                                            [DEBUG  ]  Moving data file from '/scratch/tmpicmj6vqv/multiqc_data' to '/projectnb2/bf528/users/vangogh2022/proj3_programmer/multiqc_data'
[2022-03-31 16:38:52,563] multiqc                                            [INFO   ]  MultiQC complete
